<?xml version="1.0" encoding="UTF-8"?>
<!-- Generated by org.testng.reporters.JUnitReportReporter -->
<testsuite hostname="N5842" failures="0" tests="2" name="testCases.TC002_LoginTest" time="3.306" errors="0" timestamp="2024-12-22T16:05:53 MYT" skipped="0">
  <testcase classname="testCases.TC002_LoginTest" name="verify_login" time="1.829"/>
  <testcase classname="testCases.TC002_LoginTest" name="verify_login" time="1.477"/>
</testsuite> <!-- testCases.TC002_LoginTest -->
