<?xml version="1.0" encoding="UTF-8"?>
<!-- Generated by org.testng.reporters.JUnitReportReporter -->
<testsuite hostname="N5842" failures="0" tests="2" name="testCases.TC001_AccountRegTest" time="4.202" errors="0" timestamp="2024-12-22T16:05:53 MYT" skipped="0">
  <testcase classname="testCases.TC001_AccountRegTest" name="verify_account_registration" time="2.343"/>
  <testcase classname="testCases.TC001_AccountRegTest" name="verify_account_registration" time="1.859"/>
</testsuite> <!-- testCases.TC001_AccountRegTest -->
