<?xml version="1.0" encoding="UTF-8"?>
<!-- Generated by org.testng.reporters.JUnitReportReporter -->
<testsuite hostname="N5842" failures="0" tests="2" name="testCases.TC002_LoginTest" time="3.584" errors="0" timestamp="2024-12-22T16:46:38 MYT" skipped="0">
  <testcase classname="testCases.TC002_LoginTest" name="verify_login" time="1.754"/>
  <testcase classname="testCases.TC002_LoginTest" name="verify_login" time="1.830"/>
</testsuite> <!-- testCases.TC002_LoginTest -->
