<?xml version="1.0" encoding="UTF-8"?>
<!-- Generated by org.testng.reporters.JUnitReportReporter -->
<testsuite hostname="N5842" failures="0" tests="2" name="testCases.TC001_AccountRegTest" time="6.742" errors="0" timestamp="2024-12-22T16:46:38 MYT" skipped="0">
  <testcase classname="testCases.TC001_AccountRegTest" name="verify_account_registration" time="2.486"/>
  <testcase classname="testCases.TC001_AccountRegTest" name="verify_account_registration" time="4.256"/>
</testsuite> <!-- testCases.TC001_AccountRegTest -->
